<?xml version="1.0" encoding="UTF-8"?>
<testng-results ignored="0" total="1" passed="1" failed="0" skipped="0">
  <reporter-output>
  </reporter-output>
  <suite started-at="2023-12-16T11:15:17 IST" name="Default suite" finished-at="2023-12-16T11:15:18 IST" duration-ms="165">
    <groups>
    </groups>
    <test started-at="2023-12-16T11:15:17 IST" name="Default test" finished-at="2023-12-16T11:15:18 IST" duration-ms="165">
      <class name="main2.DeleteProductTest">
        <test-method signature="deleteProductTest()[pri:0, instance:main2.DeleteProductTest@52719fb6]" started-at="2023-12-16T11:15:18 IST" name="deleteProductTest" finished-at="2023-12-16T11:15:18 IST" duration-ms="23" status="PASS">
          <reporter-output>
          </reporter-output>
        </test-method> <!-- deleteProductTest -->
      </class> <!-- main2.DeleteProductTest -->
    </test> <!-- Default test -->
  </suite> <!-- Default suite -->
</testng-results>
